<?xml version="1.0" encoding="UTF-8"?>
<testsuite xmlns:xsi="http://www.w3.org/2001/XMLSchema-instance" xsi:noNamespaceSchemaLocation="https://maven.apache.org/surefire/maven-surefire-plugin/xsd/surefire-test-report.xsd" version="3.0.2" name="com.example.demo.DemoApplicationTests" time="9.358" tests="1" errors="0" skipped="0" failures="0" flakes="0">
  <properties>
[...]
</properties>
  <testcase name="contextLoads" classname="com.example.demo.DemoApplicationTests" time="0.94">
    <system-out><![CDATA[11:40:00.883 [main] INFO org.springframework.test.context.support.AnnotationConfigContextLoaderUtils -- Could not detect default configuration classes for test class [com.example.demo.DemoApplicationTests]: DemoApplicationTests does not declare any static, non-private, non-final, nested classes annotated with @Configuration.
11:40:00.976 [main] INFO org.springframework.boot.test.context.SpringBootTestContextBootstrapper -- Found @SpringBootConfiguration com.example.demo.DemoApplication for test class com.example.demo.DemoApplicationTests

  .   ____          _            __ _ _
 /\\ / ___'_ __ _ _(_)_ __  __ _ \ \ \ \
( ( )\___ | '_ | '_| | '_ \/ _` | \ \ \ \
 \\/  ___)| |_)| | | | | || (_| |  ) ) ) )
  '  |____| .__|_| |_|_| |_\__, | / / / /
 =========|_|==============|___/=/_/_/_/

 :: Spring Boot ::               (v3.5.16)

2026-07-08T11:40:01.421+05:30  INFO 5804 --- [           main] com.example.demo.DemoApplicationTests    : Starting DemoApplicationTests using Java 17.0.12 with PID 5804 (started by student in E:\EquiTrade1\demo)
2026-07-08T11:40:01.421+05:30  INFO 5804 --- [           main] com.example.demo.DemoApplicationTests    : No active profile set, falling back to 1 default profile: "default"
2026-07-08T11:40:02.044+05:30  INFO 5804 --- [           main] .s.d.r.c.RepositoryConfigurationDelegate : Bootstrapping Spring Data JPA repositories in DEFAULT mode.
2026-07-08T11:40:02.108+05:30  INFO 5804 --- [           main] .s.d.r.c.RepositoryConfigurationDelegate : Finished Spring Data repository scanning in 54 ms. Found 4 JPA repository interfaces.
2026-07-08T11:40:02.508+05:30  INFO 5804 --- [           main] o.hibernate.jpa.internal.util.LogHelper  : HHH000204: Processing PersistenceUnitInfo [name: default]
2026-07-08T11:40:02.574+05:30  INFO 5804 --- [           main] org.hibernate.Version                    : HHH000412: Hibernate ORM core version 6.6.53.Final
2026-07-08T11:40:02.604+05:30  INFO 5804 --- [           main] o.h.c.internal.RegionFactoryInitiator    : HHH000026: Second-level cache disabled
2026-07-08T11:40:06.336+05:30  INFO 5804 --- [           main] o.s.o.j.p.SpringPersistenceUnitInfo      : No LoadTimeWeaver setup: ignoring JPA class transformer
2026-07-08T11:40:06.353+05:30  INFO 5804 --- [           main] com.zaxxer.hikari.HikariDataSource       : HikariPool-1 - Starting...
2026-07-08T11:40:06.466+05:30  INFO 5804 --- [           main] com.zaxxer.hikari.pool.HikariPool        : HikariPool-1 - Added connection conn0: url=jdbc:h2:mem:equitrade user=SA
2026-07-08T11:40:06.466+05:30  INFO 5804 --- [           main] com.zaxxer.hikari.HikariDataSource       : HikariPool-1 - Start completed.
2026-07-08T11:40:06.501+05:30  INFO 5804 --- [           main] org.hibernate.orm.connections.pooling    : HHH10001005: Database info:
	Database JDBC URL [Connecting through datasource 'HikariDataSource (HikariPool-1)']
	Database driver: undefined/unknown
	Database version: 2.3.232
	Autocommit mode: undefined/unknown
	Isolation level: undefined/unknown
	Minimum pool size: undefined/unknown
	Maximum pool size: undefined/unknown
2026-07-08T11:40:08.189+05:30  INFO 5804 --- [           main] o.h.e.t.j.p.i.JtaPlatformInitiator       : HHH000489: No JTA platform available (set 'hibernate.transaction.jta.platform' to enable JTA platform integration)
2026-07-08T11:40:08.220+05:30 DEBUG 5804 --- [           main] org.hibernate.SQL                        : 
    create table portfolio (
        id bigint generated by default as identity,
        quantity integer not null,
        stock_id bigint,
        user_id bigint,
        primary key (id)
    )
Hibernate: 
    create table portfolio (
        id bigint generated by default as identity,
        quantity integer not null,
        stock_id bigint,
        user_id bigint,
        primary key (id)
    )
2026-07-08T11:40:08.230+05:30 DEBUG 5804 --- [           main] org.hibernate.SQL                        : 
    create table stocks (
        id bigint generated by default as identity,
        company_name varchar(255),
        price float(53) not null,
        symbol varchar(255),
        primary key (id)
    )
Hibernate: 
    create table stocks (
        id bigint generated by default as identity,
        company_name varchar(255),
        price float(53) not null,
        symbol varchar(255),
        primary key (id)
    )
2026-07-08T11:40:08.230+05:30 DEBUG 5804 --- [           main] org.hibernate.SQL                        : 
    create table transactions (
        id bigint generated by default as identity,
        date timestamp(6),
        price float(53) not null,
        quantity integer not null,
        type varchar(255),
        stock_id bigint,
        user_id bigint,
        primary key (id)
    )
Hibernate: 
    create table transactions (
        id bigint generated by default as identity,
        date timestamp(6),
        price float(53) not null,
        quantity integer not null,
        type varchar(255),
        stock_id bigint,
        user_id bigint,
        primary key (id)
    )
2026-07-08T11:40:08.230+05:30 DEBUG 5804 --- [           main] org.hibernate.SQL                        : 
    create table users (
        id bigint generated by default as identity,
        balance float(53) not null,
        email varchar(255),
        password varchar(255),
        username varchar(255),
        primary key (id)
    )
Hibernate: 
    create table users (
        id bigint generated by default as identity,
        balance float(53) not null,
        email varchar(255),
        password varchar(255),
        username varchar(255),
        primary key (id)
    )
2026-07-08T11:40:08.230+05:30 DEBUG 5804 --- [           main] org.hibernate.SQL                        : 
    alter table if exists portfolio 
       add constraint FKmu380nme3nldessk2l9dgkma 
       foreign key (stock_id) 
       references stocks
Hibernate: 
    alter table if exists portfolio 
       add constraint FKmu380nme3nldessk2l9dgkma 
       foreign key (stock_id) 
       references stocks
2026-07-08T11:40:08.236+05:30 DEBUG 5804 --- [           main] org.hibernate.SQL                        : 
    alter table if exists portfolio 
       add constraint FK76ws6sj6wg26k7lcx6a5mtqi4 
       foreign key (user_id) 
       references users
Hibernate: 
    alter table if exists portfolio 
       add constraint FK76ws6sj6wg26k7lcx6a5mtqi4 
       foreign key (user_id) 
       references users
2026-07-08T11:40:08.236+05:30 DEBUG 5804 --- [           main] org.hibernate.SQL                        : 
    alter table if exists transactions 
       add constraint FKru6v24w1h01nvqoox4l2wkybv 
       foreign key (stock_id) 
       references stocks
Hibernate: 
    alter table if exists transactions 
       add constraint FKru6v24w1h01nvqoox4l2wkybv 
       foreign key (stock_id) 
       references stocks
2026-07-08T11:40:08.240+05:30 DEBUG 5804 --- [           main] org.hibernate.SQL                        : 
    alter table if exists transactions 
       add constraint FKqwv7rmvc8va8rep7piikrojds 
       foreign key (user_id) 
       references users
Hibernate: 
    alter table if exists transactions 
       add constraint FKqwv7rmvc8va8rep7piikrojds 
       foreign key (user_id) 
       references users
2026-07-08T11:40:08.240+05:30  INFO 5804 --- [           main] j.LocalContainerEntityManagerFactoryBean : Initialized JPA EntityManagerFactory for persistence unit 'default'
2026-07-08T11:40:08.615+05:30  INFO 5804 --- [           main] r$InitializeUserDetailsManagerConfigurer : Global AuthenticationManager configured with UserDetailsService bean with name userDetailsServiceImpl
2026-07-08T11:40:08.808+05:30  INFO 5804 --- [           main] o.s.b.a.w.s.WelcomePageHandlerMapping    : Adding welcome page: class path resource [static/index.html]
2026-07-08T11:40:09.072+05:30  INFO 5804 --- [           main] o.s.b.a.h2.H2ConsoleAutoConfiguration    : H2 console available at '/h2-console'. Database available at 'jdbc:h2:mem:equitrade'
2026-07-08T11:40:09.172+05:30  INFO 5804 --- [           main] com.example.demo.DemoApplicationTests    : Started DemoApplicationTests in 8.023 seconds (process running for 8.941)
]]></system-out>
  </testcase>
</testsuite>